{"logTime": "0515/124819", "correlationVector":"n09Npw1Qk60+oBU6jgVw/0.1","action":"SyncServerConnectionManagerRequest", "result":"SYNC_SERVER_OK", "context":{"environment":"Prod_southeastasia_prod-s01-064-apac-southeastasia", "migrationStage":"NotStarted", "server":"akswtt007000038"}}
{"logTime": "0515/124819", "correlationVector":"n09Npw1Qk60+oBU6jgVw/0.2","action":"ProcessGetUpdates", "result":"Done", "context":{"dataType":"Encryption Keys", "deleted":"0", "process_failed_to_decrypt":"0", "process_pending_decryption":"0", "process_success":"1", "total":"1"}}
{"logTime": "0515/124820", "correlationVector":"Q3XMRrkgqrlWmqxR41sUn/","action":"SyncServerConnectionManagerRequest", "result":"SYNC_SERVER_OK", "context":{"environment":"", "migrationStage":"", "server":""}}
{"logTime": "0515/124820", "correlationVector":"Q3XMRrkgqrlWmqxR41sUn/.0","action":"EncryptionKeysFetcher.DownloadKeys:", "result":"Success", "context":Key count: 4, Last key timestamp: 2025-04-14T05:38:15Z}
{"logTime": "0515/124820", "correlationVector":"Q3XMRrkgqrlWmqxR41sUn/.1","action":"EncryptionKeysManager::SetEncryptionKeys:", "result":"Success", "context":Key names[4]:[B05K6KNPH73R2+prfyPPdWdhs26B65pTSJShIbNdvd1gWKtXsO+xI3Wk/EoFHb5YgzdC2p+ChAuwyZQMDa43Fg==][BpFcxbcMlwzGEteCsOA/73DZmYhC+APYs/7cnqkAejY5ztEkMlpJPUwjHWNzJZnVLiaQevFqjqAaz7q4zMB5gA==][vY6vtUaLML8XyIVhIHQl3Tn7fIcHAwn25f0R0Xk9Iqh4deXLv1ySu813PHauvOyi5g3OnDSUXIGvxqf8VrJFmg==][WWMvzpqB9kg2rhMlbNwqMP2g9UMxaVHRqVEP/mw4CBieA+mQh3OOY95gTizBVVeEv8BEFUw/aTJ6nqu9AxP2OQ==]}
{"logTime": "0515/124820", "correlationVector":"Q3XMRrkgqrlWmqxR41sUn/.2","action":"EncryptionKeysManager::SetEncryptionKeysWithTimestamps:", "result":"Success", "context":Key timestamps[4]:[2023-10-07T11:22:19Z][2024-04-09T16:09:50Z][2024-10-09T13:26:34Z][2025-04-14T05:38:15Z]}
{"logTime": "0515/124820", "correlationVector":"n09Npw1Qk60+oBU6jgVw/0","action":"Initial GetUpdates", "result":"", "context":Reason: NEW_CLIENT. cV=n09Npw1Qk60+oBU6jgVw/0}
{"logTime": "0515/124820", "correlationVector":"n09Npw1Qk60+oBU6jgVw/0.3","action":"GetUpdates Response", "result":"Success", "context":Received 1 update(s). cV=n09Npw1Qk60+oBU6jgVw/0.0;server=akswtt007000038;cloudType=Consumer;environment=Prod_southeastasia_prod-s01-064-apac-southeastasia;migrationStage=NotStarted}
{"logTime": "0515/124820", "correlationVector":"GOM18JnmgRRhzkGJpji7Ux","action":"Initial GetUpdates", "result":"", "context":Reason: NEWLY_SUPPORTED_DATATYPE. cV=GOM18JnmgRRhzkGJpji7Ux}
{"logTime": "0515/124820", "correlationVector":"GOM18JnmgRRhzkGJpji7Ux.1","action":"SyncServerConnectionManagerRequest", "result":"SYNC_SERVER_OK", "context":{"environment":"Prod_southeastasia_prod-s01-064-apac-southeastasia", "migrationStage":"NotStarted", "server":"akswtt00700001p"}}
{"logTime": "0515/124820", "correlationVector":"GOM18JnmgRRhzkGJpji7Ux.2","action":"ProcessGetUpdates", "result":"Done", "context":{"dataType":"Passwords", "deleted":"0", "process_failed_to_decrypt":"0", "process_pending_decryption":"0", "process_success":"59", "total":"59"}}
{"logTime": "0515/124820", "correlationVector":"GOM18JnmgRRhzkGJpji7Ux.3","action":"GetUpdates Response", "result":"Success", "context":Received 59 update(s). cV=GOM18JnmgRRhzkGJpji7Ux.0;server=akswtt00700001p;cloudType=Consumer;environment=Prod_southeastasia_prod-s01-064-apac-southeastasia;migrationStage=NotStarted}
{"logTime": "0515/124820", "correlationVector":"UeHuJPKknNPLL1eSKi/HZD","action":"Initial GetUpdates", "result":"", "context":Reason: NEWLY_SUPPORTED_DATATYPE. cV=UeHuJPKknNPLL1eSKi/HZD}
{"logTime": "0515/124820", "correlationVector":"UeHuJPKknNPLL1eSKi/HZD.1","action":"SyncServerConnectionManagerRequest", "result":"SYNC_SERVER_OK", "context":{"environment":"Prod_southeastasia_prod-s01-064-apac-southeastasia", "migrationStage":"NotStarted", "server":"akswtt00700004b"}}
{"logTime": "0515/124820", "correlationVector":"UeHuJPKknNPLL1eSKi/HZD.2","action":"ProcessGetUpdates", "result":"Done", "context":{"dataType":"Bookmarks", "deleted":"0", "process_failed_to_decrypt":"0", "process_pending_decryption":"0", "process_success":"8", "total":"8"}}
{"logTime": "0515/124820", "correlationVector":"UeHuJPKknNPLL1eSKi/HZD.3","action":"GetUpdates Response", "result":"Success", "context":Received 8 update(s). cV=UeHuJPKknNPLL1eSKi/HZD.0;server=akswtt00700004b;cloudType=Consumer;environment=Prod_southeastasia_prod-s01-064-apac-southeastasia;migrationStage=NotStarted}
{"logTime": "0515/124820", "correlationVector":"5w0yegvOlzmMrCW4zdsU1T","action":"Initial GetUpdates", "result":"", "context":Reason: NEWLY_SUPPORTED_DATATYPE. cV=5w0yegvOlzmMrCW4zdsU1T}
{"logTime": "0515/124820", "correlationVector":"5w0yegvOlzmMrCW4zdsU1T.1","action":"SyncServerConnectionManagerRequest", "result":"SYNC_SERVER_OK", "context":{"environment":"Prod_southeastasia_prod-s01-064-apac-southeastasia", "migrationStage":"NotStarted", "server":"akswtt007000033"}}
{"logTime": "0515/124820", "correlationVector":"5w0yegvOlzmMrCW4zdsU1T.2","action":"ProcessGetUpdates", "result":"Done", "context":{"dataType":"Autofill Profiles", "deleted":"1", "process_failed_to_decrypt":"0", "process_pending_decryption":"0", "process_success":"1", "total":"1"}}
{"logTime": "0515/124820", "correlationVector":"5w0yegvOlzmMrCW4zdsU1T.3","action":"ProcessGetUpdates", "result":"Done", "context":{"dataType":"Autofill", "deleted":"0", "process_failed_to_decrypt":"0", "process_pending_decryption":"0", "process_success":"63", "total":"63"}}
{"logTime": "0515/124820", "correlationVector":"5w0yegvOlzmMrCW4zdsU1T.4","action":"GetUpdates Response", "result":"Success", "context":Received 64 update(s). cV=5w0yegvOlzmMrCW4zdsU1T.0;server=akswtt007000033;cloudType=Consumer;environment=Prod_southeastasia_prod-s01-064-apac-southeastasia;migrationStage=NotStarted}
{"logTime": "0515/124820", "correlationVector":"2mf9nfdSA5S2FWnjZcXuGT","action":"Initial GetUpdates", "result":"", "context":Reason: NEWLY_SUPPORTED_DATATYPE. cV=2mf9nfdSA5S2FWnjZcXuGT}
{"logTime": "0515/124820", "correlationVector":"2mf9nfdSA5S2FWnjZcXuGT.1","action":"SyncServerConnectionManagerRequest", "result":"SYNC_SERVER_OK", "context":{"environment":"Prod_southeastasia_prod-s01-064-apac-southeastasia", "migrationStage":"NotStarted", "server":"akswtt00700000b"}}
{"logTime": "0515/124820", "correlationVector":"2mf9nfdSA5S2FWnjZcXuGT.2","action":"GetUpdates Response", "result":"Success", "context":Received 0 update(s). cV=2mf9nfdSA5S2FWnjZcXuGT.0;server=akswtt00700000b;cloudType=Consumer;environment=Prod_southeastasia_prod-s01-064-apac-southeastasia;migrationStage=NotStarted}
{"logTime": "0515/124820", "correlationVector":"WecXPnNsbxA2sCfkb1dytt","action":"Normal GetUpdate request", "result":"", "context":cV=WecXPnNsbxA2sCfkb1dytt
Refresh requested types: Bookmarks, Passwords, Autofill Profiles, Autofill, History, Edge Wallet, Encryption Keys}
{"logTime": "0515/124820", "correlationVector":"WecXPnNsbxA2sCfkb1dytt.1","action":"SyncServerConnectionManagerRequest", "result":"SYNC_SERVER_OK", "context":{"environment":"Prod_southeastasia_prod-s01-064-apac-southeastasia", "migrationStage":"NotStarted", "server":"akswtt00700001v"}}
{"logTime": "0515/124820", "correlationVector":"WecXPnNsbxA2sCfkb1dytt.2","action":"GetUpdates Response", "result":"Success", "context":Received 0 update(s). cV=WecXPnNsbxA2sCfkb1dytt.0;server=akswtt00700001v;cloudType=Consumer;environment=Prod_southeastasia_prod-s01-064-apac-southeastasia;migrationStage=NotStarted}
{"logTime": "0515/124820", "correlationVector":"jH1A7HALjh5n1kczJFqynQ","action":"DoCompareDataConsistency requsted types: ", "result":"Bookmarks, Passwords, History, Edge Wallet, Encryption Keys"}
{"logTime": "0515/124820", "correlationVector":"jH1A7HALjh5n1kczJFqynQ.0","action":"CompareDataConsistency result: ", "result":"Compare result: Encryption Keys is consistent. local entities count is: 1 local entities hash is: cq9LB6yGagEOdvtxq1KHyelWuZg="}
{"logTime": "0515/124820", "correlationVector":"jH1A7HALjh5n1kczJFqynQ.1","action":"CompareDataConsistency result: ", "result":"Compare result: Bookmarks is consistent. local entities count is: 3 local entities hash is: RNkD/yUgWTWxB5AW4RYlgbszuU0="}
{"logTime": "0515/124820", "correlationVector":"jH1A7HALjh5n1kczJFqynQ.2","action":"CompareDataConsistency result: ", "result":"Server did not send this History local entities count is: 0 local entities hash is: "}
{"logTime": "0515/124820", "correlationVector":"jH1A7HALjh5n1kczJFqynQ.3","action":"CompareDataConsistency result: ", "result":"Compare result: Edge Wallet is consistent. local entities count is: 0 local entities hash is: "}
{"logTime": "0515/124820", "correlationVector":"jH1A7HALjh5n1kczJFqynQ.4","action":"CompareDataConsistency result: ", "result":"Compare result: Passwords is consistent. local entities count is: 59 local entities hash is: YxVrk66KcCyMXR73i6odjKyh/Ow="}
{"logTime": "0515/124820", "correlationVector":"","action":"DIAGNOSTIC_REQUEST|v1/diagnosticData/Diagnostic.SendCheckResult()|SUCCESS", "result":""}
