2025-05-15 12:48:17.101: [INFO][Sync] Reset engine, reason: 8
2025-05-15 12:48:17.101: [INFO][Sync] Stopped: Bookmarks
2025-05-15 12:48:17.101: [INFO][Sync] Stopped: Preferences
2025-05-15 12:48:17.101: [INFO][Sync] Stopped: Passwords
2025-05-15 12:48:17.101: [INFO][Sync] Stopped: Autofill Profiles
2025-05-15 12:48:17.101: [INFO][Sync] Stopped: Autofill
2025-05-15 12:48:17.101: [INFO][Sync] Stopped: Extensions
2025-05-15 12:48:17.101: [INFO][Sync] Stopped: Sessions
2025-05-15 12:48:17.101: [INFO][Sync] Stopped: Extension settings
2025-05-15 12:48:17.101: [INFO][Sync] Stopped: History Delete Directives
2025-05-15 12:48:17.101: [INFO][Sync] Stopped: Device Info
2025-05-15 12:48:17.101: [INFO][Sync] Stopped: User Consents
2025-05-15 12:48:17.101: [INFO][Sync] Stopped: Send Tab To Self
2025-05-15 12:48:17.101: [INFO][Sync] Stopped: Web Apps
2025-05-15 12:48:17.101: [INFO][Sync] Stopped: History
2025-05-15 12:48:17.101: [INFO][Sync] Stopped: Saved Tab Group
2025-05-15 12:48:17.101: [INFO][Sync] Stopped: Collection
2025-05-15 12:48:17.101: [INFO][Sync] Stopped: Edge E Drop
2025-05-15 12:48:17.101: [INFO][Sync] Stopped: Edge Hub App Usage
2025-05-15 12:48:17.101: [INFO][Sync] Stopped: Edge Tab Group
2025-05-15 12:48:17.101: [INFO][Sync] Stopped: Edge Wallet
2025-05-15 12:48:17.101: [INFO][Sync] SyncState after authenticated was: NotSignedIn
2025-05-15 12:48:17.330: [INFO][Sync] Reset engine, reason: 8
2025-05-15 12:48:17.330: [INFO][Sync] Stopped: Bookmarks
2025-05-15 12:48:17.330: [INFO][Sync] Stopped: Preferences
2025-05-15 12:48:17.330: [INFO][Sync] Stopped: Passwords
2025-05-15 12:48:17.330: [INFO][Sync] Stopped: Autofill Profiles
2025-05-15 12:48:17.330: [INFO][Sync] Stopped: Autofill
2025-05-15 12:48:17.330: [INFO][Sync] Stopped: Extensions
2025-05-15 12:48:17.330: [INFO][Sync] Stopped: Sessions
2025-05-15 12:48:17.330: [INFO][Sync] Stopped: Extension settings
2025-05-15 12:48:17.330: [INFO][Sync] Stopped: History Delete Directives
2025-05-15 12:48:17.330: [INFO][Sync] Stopped: Device Info
2025-05-15 12:48:17.330: [INFO][Sync] Stopped: User Consents
2025-05-15 12:48:17.330: [INFO][Sync] Stopped: Send Tab To Self
2025-05-15 12:48:17.330: [INFO][Sync] Stopped: Web Apps
2025-05-15 12:48:17.330: [INFO][Sync] Stopped: History
2025-05-15 12:48:17.330: [INFO][Sync] Stopped: Saved Tab Group
2025-05-15 12:48:17.330: [INFO][Sync] Stopped: Collection
2025-05-15 12:48:17.330: [INFO][Sync] Stopped: Edge E Drop
2025-05-15 12:48:17.330: [INFO][Sync] Stopped: Edge Hub App Usage
2025-05-15 12:48:17.330: [INFO][Sync] Stopped: Edge Tab Group
2025-05-15 12:48:17.330: [INFO][Sync] Stopped: Edge Wallet
2025-05-15 12:48:17.507: [INFO][Sync] Try to start sync engine
2025-05-15 12:48:17.508: [INFO][SyncManagerImpl::NudgeForInitialDownload] Initial download nudge for Encryption Keys
2025-05-15 12:48:17.508: [INFO][SyncEngineBackend::LoadAndConnectNigoriController] Load and connect Nigori controller
2025-05-15 12:48:17.508: [INFO][SyncEngineBackend::DoInitialize] Control Types added: Encryption Keys
2025-05-15 12:48:17.508: [INFO][SyncManagerImpl::ConfigureSyncer] Types to download: Encryption Keys with reason: 3
2025-05-15 12:48:17.508: [INFO][SyncSchedulerImpl::DoConfigurationSyncCycleJob] Configure job was blocked
2025-05-15 12:48:17.620: [INFO][SyncAuthManager::SetLastAuthError] Current auth error: None
2025-05-15 12:48:17.620: [INFO][SyncAuthManager::EdgeLogTokenErrorState] Token error with: None for account type: MSA
2025-05-15 12:48:17.620: [INFO][Sync] Credentials changed for: EdgeSyncScopeNew
2025-05-15 12:48:19.286: [INFO][SyncAuthManager::SetLastAuthError] Current auth error: None
2025-05-15 12:48:19.286: [INFO][SyncAuthManager::EdgeLogTokenErrorState] Token error with: None for account type: MSA
2025-05-15 12:48:19.286: [INFO][Sync] Credentials changed for: EdgeSyncKeyDataScope
2025-05-15 12:48:19.286: [INFO][SyncEngineBackend::DoUpdateKeyDataCredentials] Update key data credentials
2025-05-15 12:48:19.286: [INFO][SyncEngineBackend::DoUpdateCredentials] Update credentials
2025-05-15 12:48:19.286: [INFO][SyncSchedulerImpl::DoConfigurationSyncCycleJob] Blocked types:  and types to download: Encryption Keys
2025-05-15 12:48:19.591: [INFO][Sync] Started DataTypeManager configuration, reason: 4
2025-05-15 12:48:19.591: [INFO][Sync] Configuring for: Bookmarks, Preferences, Passwords, Autofill Profiles, Autofill, Extensions, Sessions, Extension settings, History Delete Directives, Device Info, User Consents, Send Tab To Self, Web Apps, History, Saved Tab Group, Collection, Edge E Drop, Edge Hub App Usage, Edge Tab Group, Edge Wallet, Encryption Keys, reason: 3, current state: 0
2025-05-15 12:48:19.591: [WARN][Sync] Crypto error data types: Passwords, Autofill Profiles, Autofill
2025-05-15 12:48:19.592: [INFO][Sync] Configure, desired: Bookmarks, Preferences, Extensions, Sessions, Extension settings, History Delete Directives, Device Info, User Consents, Send Tab To Self, Web Apps, History, Saved Tab Group, Collection, Edge E Drop, Edge Hub App Usage, Edge Tab Group, Edge Wallet, Encryption Keys; Allow fail: Passwords, Autofill Profiles, Autofill
2025-05-15 12:48:19.592: [INFO][Sync] Loading: Bookmarks
2025-05-15 12:48:19.592: [ERROR][Sync] Load Preferences, failed: ConstructDataTypeStoreOnFrontendSequence@components\sync\model\data_type_store_service_impl.cc:105: DataTypeStore backend initialization failed
2025-05-15 12:48:19.592: [ERROR][Sync] Stoping type: Preferences, error: DataTypeStore backend initialization failed
2025-05-15 12:48:19.592: [INFO][Sync] Loading: Preferences
2025-05-15 12:48:19.592: [ERROR][Sync] Load Extensions, failed: ConstructDataTypeStoreOnFrontendSequence@components\sync\model\data_type_store_service_impl.cc:105: DataTypeStore backend initialization failed
2025-05-15 12:48:19.592: [ERROR][Sync] Stoping type: Extensions, error: DataTypeStore backend initialization failed
2025-05-15 12:48:19.592: [INFO][Sync] Loading: Extensions
2025-05-15 12:48:19.592: [INFO][Sync] Loading: Sessions
2025-05-15 12:48:19.592: [INFO][Sync] Loading: Extension settings
2025-05-15 12:48:19.592: [ERROR][Sync] Load History Delete Directives, failed: ConstructDataTypeStoreOnFrontendSequence@components\sync\model\data_type_store_service_impl.cc:105: DataTypeStore backend initialization failed
2025-05-15 12:48:19.592: [ERROR][Sync] Stoping type: History Delete Directives, error: DataTypeStore backend initialization failed
2025-05-15 12:48:19.592: [INFO][Sync] Loading: History Delete Directives
2025-05-15 12:48:19.592: [ERROR][Sync] Load Device Info, failed: ConstructDataTypeStoreOnFrontendSequence@components\sync\model\data_type_store_service_impl.cc:105: DataTypeStore backend initialization failed
2025-05-15 12:48:19.592: [ERROR][Sync] Stoping type: Device Info, error: DataTypeStore backend initialization failed
2025-05-15 12:48:19.592: [INFO][Sync] Loading: Device Info
2025-05-15 12:48:19.592: [ERROR][Sync] Load User Consents, failed: ConstructDataTypeStoreOnFrontendSequence@components\sync\model\data_type_store_service_impl.cc:105: DataTypeStore backend initialization failed
2025-05-15 12:48:19.592: [ERROR][Sync] Stoping type: User Consents, error: DataTypeStore backend initialization failed
2025-05-15 12:48:19.592: [INFO][Sync] Loading: User Consents
2025-05-15 12:48:19.592: [ERROR][Sync] Load Send Tab To Self, failed: ConstructDataTypeStoreOnFrontendSequence@components\sync\model\data_type_store_service_impl.cc:105: DataTypeStore backend initialization failed
2025-05-15 12:48:19.592: [ERROR][Sync] Stoping type: Send Tab To Self, error: DataTypeStore backend initialization failed
2025-05-15 12:48:19.592: [INFO][Sync] Loading: Send Tab To Self
2025-05-15 12:48:19.592: [ERROR][Sync] Load Web Apps, failed: ConstructDataTypeStoreOnFrontendSequence@components\sync\model\data_type_store_service_impl.cc:105: DataTypeStore backend initialization failed
2025-05-15 12:48:19.592: [ERROR][Sync] Stoping type: Web Apps, error: DataTypeStore backend initialization failed
2025-05-15 12:48:19.592: [INFO][Sync] Loading: Web Apps
2025-05-15 12:48:19.592: [INFO][Sync] Loading: History
2025-05-15 12:48:19.592: [ERROR][Sync] Load Saved Tab Group, failed: ConstructDataTypeStoreOnFrontendSequence@components\sync\model\data_type_store_service_impl.cc:105: DataTypeStore backend initialization failed
2025-05-15 12:48:19.592: [ERROR][Sync] Stoping type: Saved Tab Group, error: DataTypeStore backend initialization failed
2025-05-15 12:48:19.592: [INFO][Sync] Loading: Saved Tab Group
2025-05-15 12:48:19.592: [ERROR][Sync] Load Collection, failed: ConstructDataTypeStoreOnFrontendSequence@components\sync\model\data_type_store_service_impl.cc:105: DataTypeStore backend initialization failed
2025-05-15 12:48:19.592: [ERROR][Sync] Stoping type: Collection, error: DataTypeStore backend initialization failed
2025-05-15 12:48:19.592: [INFO][Sync] Loading: Collection
2025-05-15 12:48:19.592: [INFO][Sync] Loading: Edge E Drop
2025-05-15 12:48:19.592: [INFO][Sync] Loading: Edge Hub App Usage
2025-05-15 12:48:19.592: [ERROR][Sync] Load Edge Tab Group, failed: ConstructDataTypeStoreOnFrontendSequence@components\sync\model\data_type_store_service_impl.cc:105: DataTypeStore backend initialization failed
2025-05-15 12:48:19.592: [ERROR][Sync] Stoping type: Edge Tab Group, error: DataTypeStore backend initialization failed
2025-05-15 12:48:19.592: [INFO][Sync] Loading: Edge Tab Group
2025-05-15 12:48:19.592: [INFO][Sync] Loading: Edge Wallet
2025-05-15 12:48:19.594: [ERROR][Sync] Load Sessions, failed: ConstructDataTypeStoreOnFrontendSequence@components\sync\model\data_type_store_service_impl.cc:105: DataTypeStore backend initialization failed
2025-05-15 12:48:19.594: [ERROR][Sync] Stoping type: Sessions, error: DataTypeStore backend initialization failed
2025-05-15 12:48:19.594: [ERROR][Sync] Load Extension settings, failed: ConstructDataTypeStoreOnFrontendSequence@components\sync\model\data_type_store_service_impl.cc:105: DataTypeStore backend initialization failed
2025-05-15 12:48:19.594: [ERROR][Sync] Stoping type: Extension settings, error: DataTypeStore backend initialization failed
2025-05-15 12:48:19.594: [ERROR][Sync] Load Edge E Drop, failed: EDropSyncBridge@components\edge_e_drop\core\browser\sync\e_drop_sync_bridge.cc:70: DataTypeStore for Drop initialization failed
2025-05-15 12:48:19.594: [ERROR][Sync] Stoping type: Edge E Drop, error: DataTypeStore for Drop initialization failed
2025-05-15 12:48:19.594: [ERROR][Sync] Load Edge Hub App Usage, failed: EdgeHubAppUsageSyncBridge@components\edge_hub_apps\sync\edge_hub_app_usage_sync_bridge.cc:55: ModelTypeStore for Hub App Usage initialization failed
2025-05-15 12:48:19.594: [ERROR][Sync] Stoping type: Edge Hub App Usage, error: ModelTypeStore for Hub App Usage initialization failed
2025-05-15 12:48:19.594: [INFO][Sync] Configuring for: Bookmarks, Preferences, Passwords, Autofill Profiles, Autofill, Extensions, Sessions, Extension settings, History Delete Directives, Device Info, User Consents, Send Tab To Self, Web Apps, History, Saved Tab Group, Collection, Edge E Drop, Edge Hub App Usage, Edge Tab Group, Edge Wallet, Encryption Keys, reason: 3, current state: 2
2025-05-15 12:48:19.594: [WARN][Sync] Crypto error data types: 
2025-05-15 12:48:19.594: [INFO][Sync] Configure, desired: Bookmarks, History, Edge Wallet, Encryption Keys; Allow fail: Preferences, Passwords, Autofill Profiles, Autofill, Extensions, Sessions, Extension settings, History Delete Directives, Device Info, User Consents, Send Tab To Self, Web Apps, Saved Tab Group, Collection, Edge E Drop, Edge Hub App Usage, Edge Tab Group
2025-05-15 12:48:19.594: [INFO][Sync] All data types are ready for configure.
2025-05-15 12:48:20.158: [INFO][SyncEngineBackend::DoStartConfiguration] Start configuration
2025-05-15 12:48:20.158: [INFO][SyncManagerImpl::NudgeForInitialDownload] Initial download nudge for Bookmarks
2025-05-15 12:48:20.158: [INFO][SyncManagerImpl::NudgeForInitialDownload] Initial download nudge for History
2025-05-15 12:48:20.158: [INFO][SyncManagerImpl::NudgeForInitialDownload] Initial download nudge for Edge Wallet
2025-05-15 12:48:20.158: [INFO][SyncManagerImpl::ConfigureSyncer] Types to download:  with reason: 3
2025-05-15 12:48:20.158: [INFO][SyncEngineBackend::DoFinishConfigureDataTypes] Failed to download types:  and succeeded types: 
2025-05-15 12:48:20.159: [INFO][Sync] Started DataTypeManager configuration, reason: 5
2025-05-15 12:48:20.159: [INFO][Sync] Configuring for: Bookmarks, Preferences, Passwords, Autofill Profiles, Autofill, Extensions, Sessions, Extension settings, History Delete Directives, Device Info, User Consents, Send Tab To Self, Web Apps, History, Saved Tab Group, Collection, Edge E Drop, Edge Hub App Usage, Edge Tab Group, Edge Wallet, Encryption Keys, reason: 5, current state: 1
2025-05-15 12:48:20.160: [INFO][Sync] ConfigurationDone, failed: , succeeded: , remaining count: 3
2025-05-15 12:48:20.160: [WARN][Sync]     Reconfigure requested while configuration ongoing.
2025-05-15 12:48:20.160: [INFO][Sync] Configuring for: Bookmarks, Preferences, Passwords, Autofill Profiles, Autofill, Extensions, Sessions, Extension settings, History Delete Directives, Device Info, User Consents, Send Tab To Self, Web Apps, History, Saved Tab Group, Collection, Edge E Drop, Edge Hub App Usage, Edge Tab Group, Edge Wallet, Encryption Keys, reason: 5, current state: 2
2025-05-15 12:48:20.160: [INFO][Sync] Configure, desired: Bookmarks, Passwords, Autofill Profiles, Autofill, History, Edge Wallet, Encryption Keys; Allow fail: Preferences, Extensions, Sessions, Extension settings, History Delete Directives, Device Info, User Consents, Send Tab To Self, Web Apps, Saved Tab Group, Collection, Edge E Drop, Edge Hub App Usage, Edge Tab Group
2025-05-15 12:48:20.160: [INFO][Sync] Loading: Passwords
2025-05-15 12:48:20.160: [INFO][Sync] Loading: Autofill Profiles
2025-05-15 12:48:20.160: [INFO][Sync] Loading: Autofill
2025-05-15 12:48:20.160: [INFO][Sync] All data types are ready for configure.
2025-05-15 12:48:20.160: [INFO][SyncManagerImpl::NudgeForInitialDownload] Initial download nudge for Passwords
2025-05-15 12:48:20.160: [INFO][SyncManagerImpl::NudgeForInitialDownload] Initial download nudge for Autofill Profiles
2025-05-15 12:48:20.160: [INFO][SyncManagerImpl::NudgeForInitialDownload] Initial download nudge for Autofill
2025-05-15 12:48:20.160: [INFO][SyncManagerImpl::ConfigureSyncer] Types to download:  with reason: 5
2025-05-15 12:48:20.160: [INFO][SyncEngineBackend::DoFinishConfigureDataTypes] Failed to download types:  and succeeded types: 
2025-05-15 12:48:20.160: [INFO][Sync] ConfigurationDone, failed: , succeeded: , remaining count: 4
2025-05-15 12:48:20.160: [INFO][Sync] Prepare to configure types: Passwords, Encryption Keys
2025-05-15 12:48:20.161: [INFO][SyncManagerImpl::ConfigureSyncer] Types to download: Passwords, Encryption Keys with reason: 5
2025-05-15 12:48:20.161: [INFO][SyncSchedulerImpl::DoConfigurationSyncCycleJob] Blocked types:  and types to download: Passwords, Encryption Keys
2025-05-15 12:48:20.312: [INFO][SyncEngineBackend::DoFinishConfigureDataTypes] Failed to download types:  and succeeded types: Passwords, Encryption Keys
2025-05-15 12:48:20.313: [INFO][Sync] ConfigurationDone, failed: , succeeded: Passwords, Encryption Keys, remaining count: 3
2025-05-15 12:48:20.313: [INFO][Sync] Prepare to configure types: Bookmarks, Encryption Keys
2025-05-15 12:48:20.313: [INFO][SyncManagerImpl::ConfigureSyncer] Types to download: Bookmarks, Encryption Keys with reason: 5
2025-05-15 12:48:20.313: [INFO][SyncSchedulerImpl::DoConfigurationSyncCycleJob] Blocked types:  and types to download: Bookmarks, Encryption Keys
2025-05-15 12:48:20.414: [INFO][SyncEngineBackend::DoFinishConfigureDataTypes] Failed to download types:  and succeeded types: Bookmarks, Encryption Keys
2025-05-15 12:48:20.417: [INFO][Sync] ConfigurationDone, failed: , succeeded: Bookmarks, Encryption Keys, remaining count: 2
2025-05-15 12:48:20.417: [INFO][Sync] Prepare to configure types: Autofill Profiles, Autofill, Edge Wallet, Encryption Keys
2025-05-15 12:48:20.418: [INFO][SyncManagerImpl::ConfigureSyncer] Types to download: Autofill Profiles, Autofill, Edge Wallet, Encryption Keys with reason: 5
2025-05-15 12:48:20.418: [INFO][SyncSchedulerImpl::DoConfigurationSyncCycleJob] Blocked types:  and types to download: Autofill Profiles, Autofill, Edge Wallet, Encryption Keys
2025-05-15 12:48:20.663: [INFO][SyncEngineBackend::DoFinishConfigureDataTypes] Failed to download types:  and succeeded types: Autofill Profiles, Autofill, Edge Wallet, Encryption Keys
2025-05-15 12:48:20.664: [INFO][Sync] ConfigurationDone, failed: , succeeded: Autofill Profiles, Autofill, Edge Wallet, Encryption Keys, remaining count: 1
2025-05-15 12:48:20.666: [INFO][Sync] Prepare to configure types: History, Encryption Keys
2025-05-15 12:48:20.666: [INFO][SyncManagerImpl::ConfigureSyncer] Types to download: History, Encryption Keys with reason: 5
2025-05-15 12:48:20.666: [INFO][SyncSchedulerImpl::DoConfigurationSyncCycleJob] Blocked types:  and types to download: History, Encryption Keys
2025-05-15 12:48:20.759: [INFO][SyncEngineBackend::DoFinishConfigureDataTypes] Failed to download types:  and succeeded types: History, Encryption Keys
2025-05-15 12:48:20.760: [INFO][Sync] ConfigurationDone, failed: , succeeded: History, Encryption Keys, remaining count: 0
2025-05-15 12:48:20.761: [INFO][Sync]     Configuration completed, state: 7
2025-05-15 12:48:20.761: [INFO][Sync] Configured DataTypeManager: Ok
2025-05-15 12:48:20.763: [INFO][SyncEngineBackend::DoStartSyncing] Start syncing
2025-05-15 12:49:09.106: [INFO][Sync] Reset engine, reason: 0
2025-05-15 12:49:09.106: [INFO][Sync] Reset engine with reason: 0
2025-05-22 06:54:23.286: [INFO][Sync] SyncState after authenticated was: FeatureNotRequestedNotSetup
2025-05-22 06:54:23.499: [INFO][Sync] Try to start sync engine
2025-05-22 06:54:23.500: [INFO][SyncManagerImpl::NudgeForInitialDownload] Initial download nudge for Encryption Keys
2025-05-22 06:54:23.500: [INFO][SyncEngineBackend::LoadAndConnectNigoriController] Load and connect Nigori controller
2025-05-22 06:54:23.500: [INFO][SyncEngineBackend::DoInitialize] Control Types added: Encryption Keys
2025-05-22 06:54:23.500: [INFO][SyncManagerImpl::ConfigureSyncer] Types to download: Encryption Keys with reason: 3
2025-05-22 06:54:23.500: [INFO][SyncSchedulerImpl::DoConfigurationSyncCycleJob] Configure job was blocked
2025-05-22 06:54:25.056: [INFO][SyncAuthManager::SetLastAuthError] Current auth error: None
2025-05-22 06:54:25.056: [INFO][SyncAuthManager::EdgeLogTokenErrorState] Token error with: None for account type: MSA
2025-05-22 06:54:25.056: [INFO][Sync] Credentials changed for: EdgeSyncScopeNew
2025-05-22 06:55:12.449: [INFO][Sync] Reset engine, reason: 0
2025-05-22 06:55:12.449: [INFO][Sync] Reset engine with reason: 0
2025-05-22 08:44:15.365: [INFO][Sync] SyncState after authenticated was: FeatureNotRequestedNotSetup
2025-05-22 08:44:15.551: [INFO][Sync] Try to start sync engine
2025-05-22 08:44:15.553: [INFO][SyncManagerImpl::NudgeForInitialDownload] Initial download nudge for Encryption Keys
2025-05-22 08:44:15.553: [INFO][SyncEngineBackend::LoadAndConnectNigoriController] Load and connect Nigori controller
2025-05-22 08:44:15.553: [INFO][SyncEngineBackend::DoInitialize] Control Types added: Encryption Keys
2025-05-22 08:44:15.553: [INFO][SyncManagerImpl::ConfigureSyncer] Types to download: Encryption Keys with reason: 3
2025-05-22 08:44:15.553: [INFO][SyncSchedulerImpl::DoConfigurationSyncCycleJob] Configure job was blocked
2025-05-22 08:44:15.641: [INFO][SyncAuthManager::SetLastAuthError] Current auth error: None
2025-05-22 08:44:15.641: [INFO][SyncAuthManager::EdgeLogTokenErrorState] Token error with: None for account type: MSA
2025-05-22 08:44:15.641: [INFO][Sync] Credentials changed for: EdgeSyncScopeNew
2025-05-22 08:46:54.433: [INFO][Sync] Reset engine, reason: 0
2025-05-22 08:46:54.433: [INFO][Sync] Reset engine with reason: 0
2025-05-22 15:59:21.684: [INFO][Sync] SyncState after authenticated was: FeatureNotRequestedNotSetup
2025-05-22 15:59:21.882: [INFO][Sync] Try to start sync engine
2025-05-22 15:59:21.884: [INFO][SyncManagerImpl::NudgeForInitialDownload] Initial download nudge for Encryption Keys
2025-05-22 15:59:21.884: [INFO][SyncEngineBackend::LoadAndConnectNigoriController] Load and connect Nigori controller
2025-05-22 15:59:21.884: [INFO][SyncEngineBackend::DoInitialize] Control Types added: Encryption Keys
2025-05-22 15:59:21.884: [INFO][SyncManagerImpl::ConfigureSyncer] Types to download: Encryption Keys with reason: 3
2025-05-22 15:59:21.884: [INFO][SyncSchedulerImpl::DoConfigurationSyncCycleJob] Configure job was blocked
2025-05-22 15:59:22.879: [INFO][SyncAuthManager::SetLastAuthError] Current auth error: None
2025-05-22 15:59:22.879: [INFO][SyncAuthManager::EdgeLogTokenErrorState] Token error with: None for account type: MSA
2025-05-22 15:59:22.879: [INFO][Sync] Credentials changed for: EdgeSyncScopeNew
2025-05-22 16:02:42.964: [INFO][Sync] Reset engine, reason: 0
2025-05-22 16:02:42.964: [INFO][Sync] Reset engine with reason: 0
2025-05-22 16:03:48.219: [INFO][Sync] SyncState after authenticated was: FeatureNotRequestedNotSetup
2025-05-22 16:03:48.409: [INFO][Sync] Try to start sync engine
2025-05-22 16:03:48.411: [INFO][SyncManagerImpl::NudgeForInitialDownload] Initial download nudge for Encryption Keys
2025-05-22 16:03:48.411: [INFO][SyncEngineBackend::LoadAndConnectNigoriController] Load and connect Nigori controller
2025-05-22 16:03:48.411: [INFO][SyncEngineBackend::DoInitialize] Control Types added: Encryption Keys
2025-05-22 16:03:48.411: [INFO][SyncManagerImpl::ConfigureSyncer] Types to download: Encryption Keys with reason: 3
2025-05-22 16:03:48.411: [INFO][SyncSchedulerImpl::DoConfigurationSyncCycleJob] Configure job was blocked
2025-05-22 16:03:48.511: [INFO][SyncAuthManager::SetLastAuthError] Current auth error: None
2025-05-22 16:03:48.511: [INFO][SyncAuthManager::EdgeLogTokenErrorState] Token error with: None for account type: MSA
2025-05-22 16:03:48.511: [INFO][Sync] Credentials changed for: EdgeSyncScopeNew
2025-05-22 16:07:29.905: [INFO][Sync] Reset engine, reason: 0
2025-05-22 16:07:29.905: [INFO][Sync] Reset engine with reason: 0
2025-05-22 16:08:15.687: [INFO][Sync] SyncState after authenticated was: FeatureNotRequestedNotSetup
2025-05-22 16:08:15.873: [INFO][Sync] Try to start sync engine
2025-05-22 16:08:15.874: [INFO][SyncManagerImpl::NudgeForInitialDownload] Initial download nudge for Encryption Keys
2025-05-22 16:08:15.874: [INFO][SyncEngineBackend::LoadAndConnectNigoriController] Load and connect Nigori controller
2025-05-22 16:08:15.874: [INFO][SyncEngineBackend::DoInitialize] Control Types added: Encryption Keys
2025-05-22 16:08:15.874: [INFO][SyncManagerImpl::ConfigureSyncer] Types to download: Encryption Keys with reason: 3
2025-05-22 16:08:15.874: [INFO][SyncSchedulerImpl::DoConfigurationSyncCycleJob] Configure job was blocked
2025-05-22 16:08:15.980: [INFO][SyncAuthManager::SetLastAuthError] Current auth error: None
2025-05-22 16:08:15.980: [INFO][SyncAuthManager::EdgeLogTokenErrorState] Token error with: None for account type: MSA
2025-05-22 16:08:15.980: [INFO][Sync] Credentials changed for: EdgeSyncScopeNew
2025-05-22 16:08:39.954: [INFO][Sync] Reset engine, reason: 0
2025-05-22 16:08:39.954: [INFO][Sync] Reset engine with reason: 0
2025-05-27 03:25:24.400: [INFO][Sync] SyncState after authenticated was: FeatureNotRequestedNotSetup
2025-05-27 03:25:24.685: [INFO][Sync] Try to start sync engine
2025-05-27 03:25:24.687: [INFO][SyncManagerImpl::NudgeForInitialDownload] Initial download nudge for Encryption Keys
2025-05-27 03:25:24.687: [INFO][SyncEngineBackend::LoadAndConnectNigoriController] Load and connect Nigori controller
2025-05-27 03:25:24.687: [INFO][SyncEngineBackend::DoInitialize] Control Types added: Encryption Keys
2025-05-27 03:25:24.687: [INFO][SyncManagerImpl::ConfigureSyncer] Types to download: Encryption Keys with reason: 3
2025-05-27 03:25:24.687: [INFO][SyncSchedulerImpl::DoConfigurationSyncCycleJob] Configure job was blocked
2025-05-27 03:25:54.694: [INFO][SyncAuthManager::EdgeLogTokenErrorState] Token error with: The request runs exceeded the set maximum duration. for account type: MSA
2025-05-27 03:25:54.694: [INFO][Sync] Credentials changed for: EdgeSyncScopeNew
2025-05-27 03:25:54.694: [WARN][Sync]    Token is empty
2025-05-27 03:25:54.696: [INFO][Sync] Connection status changed to: 2
2025-05-27 03:26:24.697: [INFO][SyncAuthManager::EdgeLogTokenErrorState] Token error with: The request runs exceeded the set maximum duration. for account type: MSA
2025-05-27 03:26:24.697: [INFO][Sync] Credentials changed for: EdgeSyncScopeNew
2025-05-27 03:26:24.697: [WARN][Sync]    Token is empty
2025-05-27 03:26:24.698: [INFO][Sync] Connection status changed to: 2
2025-05-27 03:26:56.595: [INFO][SyncAuthManager::EdgeLogTokenErrorState] Token error with: The request runs exceeded the set maximum duration. for account type: MSA
2025-05-27 03:26:56.595: [INFO][Sync] Credentials changed for: EdgeSyncScopeNew
2025-05-27 03:26:56.595: [WARN][Sync]    Token is empty
2025-05-27 03:26:56.596: [INFO][Sync] Connection status changed to: 2
2025-05-27 03:26:56.928: [INFO][Sync] Reset engine, reason: 0
2025-05-27 03:26:56.928: [INFO][Sync] Reset engine with reason: 0
2025-05-27 03:28:07.775: [INFO][Sync] SyncState after authenticated was: FeatureNotRequestedNotSetup
2025-05-27 03:28:07.981: [INFO][Sync] Try to start sync engine
2025-05-27 03:28:07.983: [INFO][SyncManagerImpl::NudgeForInitialDownload] Initial download nudge for Encryption Keys
2025-05-27 03:28:07.983: [INFO][SyncEngineBackend::LoadAndConnectNigoriController] Load and connect Nigori controller
2025-05-27 03:28:07.983: [INFO][SyncEngineBackend::DoInitialize] Control Types added: Encryption Keys
2025-05-27 03:28:07.983: [INFO][SyncManagerImpl::ConfigureSyncer] Types to download: Encryption Keys with reason: 3
2025-05-27 03:28:07.983: [INFO][SyncSchedulerImpl::DoConfigurationSyncCycleJob] Configure job was blocked
2025-05-27 03:28:08.835: [INFO][SyncAuthManager::SetLastAuthError] Current auth error: None
2025-05-27 03:28:08.835: [INFO][SyncAuthManager::EdgeLogTokenErrorState] Token error with: None for account type: MSA
2025-05-27 03:28:08.835: [INFO][Sync] Credentials changed for: EdgeSyncScopeNew
2025-05-27 03:28:59.869: [INFO][Sync] Reset engine, reason: 0
2025-05-27 03:28:59.869: [INFO][Sync] Reset engine with reason: 0
2025-06-10 02:42:41.405: [INFO][Sync] SyncState after authenticated was: FeatureNotRequestedNotSetup
2025-06-10 02:42:41.673: [INFO][Sync] Try to start sync engine
2025-06-10 02:42:41.680: [INFO][SyncManagerImpl::NudgeForInitialDownload] Initial download nudge for Encryption Keys
2025-06-10 02:42:41.680: [INFO][SyncEngineBackend::LoadAndConnectNigoriController] Load and connect Nigori controller
2025-06-10 02:42:41.680: [INFO][SyncEngineBackend::DoInitialize] Control Types added: Encryption Keys
2025-06-10 02:42:41.680: [INFO][SyncManagerImpl::ConfigureSyncer] Types to download: Encryption Keys with reason: 3
2025-06-10 02:42:41.680: [INFO][SyncSchedulerImpl::DoConfigurationSyncCycleJob] Configure job was blocked
2025-06-10 02:42:42.983: [INFO][SyncAuthManager::SetLastAuthError] Current auth error: None
2025-06-10 02:42:42.983: [INFO][SyncAuthManager::EdgeLogTokenErrorState] Token error with: None for account type: MSA
2025-06-10 02:42:42.983: [INFO][Sync] Credentials changed for: EdgeSyncScopeNew
2025-06-10 02:44:04.278: [INFO][Sync] Reset engine, reason: 0
2025-06-10 02:44:04.278: [INFO][Sync] Reset engine with reason: 0
2025-06-10 02:44:35.097: [INFO][Sync] SyncState after authenticated was: FeatureNotRequestedNotSetup
2025-06-10 02:44:35.317: [INFO][Sync] Try to start sync engine
2025-06-10 02:44:35.319: [INFO][SyncManagerImpl::NudgeForInitialDownload] Initial download nudge for Encryption Keys
2025-06-10 02:44:35.319: [INFO][SyncEngineBackend::LoadAndConnectNigoriController] Load and connect Nigori controller
2025-06-10 02:44:35.319: [INFO][SyncEngineBackend::DoInitialize] Control Types added: Encryption Keys
2025-06-10 02:44:35.319: [INFO][SyncManagerImpl::ConfigureSyncer] Types to download: Encryption Keys with reason: 3
2025-06-10 02:44:35.319: [INFO][SyncSchedulerImpl::DoConfigurationSyncCycleJob] Configure job was blocked
2025-06-10 02:44:35.481: [INFO][SyncAuthManager::SetLastAuthError] Current auth error: None
2025-06-10 02:44:35.481: [INFO][SyncAuthManager::EdgeLogTokenErrorState] Token error with: None for account type: MSA
2025-06-10 02:44:35.481: [INFO][Sync] Credentials changed for: EdgeSyncScopeNew
2025-06-10 02:45:12.578: [INFO][Sync] Reset engine, reason: 0
2025-06-10 02:45:12.578: [INFO][Sync] Reset engine with reason: 0
2025-06-10 13:09:20.057: [INFO][Sync] SyncState after authenticated was: FeatureNotRequestedNotSetup
2025-06-10 13:09:20.287: [INFO][Sync] Try to start sync engine
2025-06-10 13:09:20.288: [INFO][SyncManagerImpl::NudgeForInitialDownload] Initial download nudge for Encryption Keys
2025-06-10 13:09:20.288: [INFO][SyncEngineBackend::LoadAndConnectNigoriController] Load and connect Nigori controller
2025-06-10 13:09:20.288: [INFO][SyncEngineBackend::DoInitialize] Control Types added: Encryption Keys
2025-06-10 13:09:20.288: [INFO][SyncManagerImpl::ConfigureSyncer] Types to download: Encryption Keys with reason: 3
2025-06-10 13:09:20.288: [INFO][SyncSchedulerImpl::DoConfigurationSyncCycleJob] Configure job was blocked
2025-06-10 13:09:20.408: [INFO][SyncAuthManager::SetLastAuthError] Current auth error: None
2025-06-10 13:09:20.408: [INFO][SyncAuthManager::EdgeLogTokenErrorState] Token error with: None for account type: MSA
2025-06-10 13:09:20.408: [INFO][Sync] Credentials changed for: EdgeSyncScopeNew
2025-06-10 13:09:42.936: [INFO][Sync] Reset engine, reason: 0
2025-06-10 13:09:42.936: [INFO][Sync] Reset engine with reason: 0
2025-06-11 01:52:09.469: [INFO][Sync] SyncState after authenticated was: FeatureNotRequestedNotSetup
2025-06-11 01:52:09.669: [INFO][Sync] Try to start sync engine
2025-06-11 01:52:09.670: [INFO][SyncManagerImpl::NudgeForInitialDownload] Initial download nudge for Encryption Keys
2025-06-11 01:52:09.670: [INFO][SyncEngineBackend::LoadAndConnectNigoriController] Load and connect Nigori controller
2025-06-11 01:52:09.670: [INFO][SyncEngineBackend::DoInitialize] Control Types added: Encryption Keys
2025-06-11 01:52:09.670: [INFO][SyncManagerImpl::ConfigureSyncer] Types to download: Encryption Keys with reason: 3
2025-06-11 01:52:09.670: [INFO][SyncSchedulerImpl::DoConfigurationSyncCycleJob] Configure job was blocked
2025-06-11 01:52:10.820: [INFO][SyncAuthManager::SetLastAuthError] Current auth error: None
2025-06-11 01:52:10.820: [INFO][SyncAuthManager::EdgeLogTokenErrorState] Token error with: None for account type: MSA
2025-06-11 01:52:10.820: [INFO][Sync] Credentials changed for: EdgeSyncScopeNew
2025-06-11 01:54:56.215: [INFO][Sync] Reset engine, reason: 0
2025-06-11 01:54:56.215: [INFO][Sync] Reset engine with reason: 0
