2025-05-15 12:48:17.223: [INFO] VisibilityChanged: 0
2025-05-15 12:48:17.313: [INFO] RecordSyncInitDuration has_sync_been_enabled: 0 state: 0
2025-05-15 12:48:17.314: [INFO] RecordSyncInitDuration has_sync_been_enabled: 0 state: 0
2025-05-15 12:48:17.315: [INFO] RecordSyncInitDuration has_sync_been_enabled: 0 state: 0
2025-05-15 12:48:17.316: [INFO] RecordSyncInitDuration has_sync_been_enabled: 0 state: 0
2025-05-15 12:48:17.316: [INFO] RecordSyncInitDuration has_sync_been_enabled: 0 state: 0
2025-05-15 12:48:17.317: [INFO] RecordSyncInitDuration has_sync_been_enabled: 0 state: 0
2025-05-15 12:48:17.317: [INFO] RecordSyncInitDuration has_sync_been_enabled: 0 state: 0
2025-05-15 12:48:17.318: [INFO] RecordSyncInitDuration has_sync_been_enabled: 0 state: 0
2025-05-15 12:48:17.319: [INFO] RecordSyncInitDuration has_sync_been_enabled: 0 state: 0
2025-05-15 12:48:17.319: [INFO] RecordSyncInitDuration has_sync_been_enabled: 0 state: 0
2025-05-15 12:48:17.320: [INFO] RecordSyncInitDuration has_sync_been_enabled: 0 state: 0
2025-05-15 12:48:17.328: [INFO] BookmarkNodeAdded, ABU: 0
2025-05-15 12:48:17.328: [INFO] BookmarkNodeAdded, ABU: 0
2025-05-15 12:48:17.328: [INFO] BookmarkModelLoaded, ids_reassigned: 0
2025-05-15 12:48:17.328: [INFO] OnDoneLoading sync enabled: 0
2025-05-15 12:48:17.332: [INFO] RecordSyncInitDuration has_sync_been_enabled: 0 state: 0
2025-05-15 12:48:17.480: [INFO] RecordSyncInitDuration has_sync_been_enabled: 0 state: 3
2025-05-15 12:48:17.482: [INFO] Primary account changed.
2025-05-15 12:48:17.483: [INFO] OnPrimaryAccountChanged PrimaryAccountChangeEvent::Type::kSet
2025-05-15 12:48:17.485: [INFO] RecordSyncInitDuration has_sync_been_enabled: 0 state: 3
2025-05-15 12:48:17.621: [INFO] RecordSyncInitDuration has_sync_been_enabled: 0 state: 3
2025-05-15 12:48:20.413: [INFO] BookmarkNodeAdded, ABU: 0
2025-05-15 12:48:20.413: [INFO] BookmarkNodeAdded, ABU: 0
2025-05-15 12:48:20.416: [INFO] BookmarkNodeAdded, ABU: 0
2025-05-15 12:48:20.666: [INFO] Sync initialization duration: 2824ms
2025-05-22 06:54:23.376: [INFO] VisibilityChanged: 0
2025-05-22 06:54:23.444: [INFO] BookmarkNodeAdded, ABU: 0
2025-05-22 06:54:23.444: [INFO] BookmarkNodeAdded, ABU: 0
2025-05-22 06:54:23.444: [INFO] BookmarkModelLoaded, ids_reassigned: 0
2025-05-22 06:54:23.444: [INFO] OnDoneLoading sync enabled: 0
2025-05-22 08:44:15.455: [INFO] VisibilityChanged: 0
2025-05-22 08:44:15.536: [INFO] BookmarkNodeAdded, ABU: 0
2025-05-22 08:44:15.536: [INFO] BookmarkNodeAdded, ABU: 0
2025-05-22 08:44:15.536: [INFO] BookmarkModelLoaded, ids_reassigned: 0
2025-05-22 08:44:15.536: [INFO] OnDoneLoading sync enabled: 0
2025-05-22 15:59:21.788: [INFO] VisibilityChanged: 0
2025-05-22 15:59:21.866: [INFO] BookmarkNodeAdded, ABU: 0
2025-05-22 15:59:21.866: [INFO] BookmarkNodeAdded, ABU: 0
2025-05-22 15:59:21.866: [INFO] BookmarkModelLoaded, ids_reassigned: 0
2025-05-22 15:59:21.866: [INFO] OnDoneLoading sync enabled: 0
2025-05-22 16:03:48.310: [INFO] VisibilityChanged: 0
2025-05-22 16:03:48.392: [INFO] BookmarkNodeAdded, ABU: 0
2025-05-22 16:03:48.392: [INFO] BookmarkNodeAdded, ABU: 0
2025-05-22 16:03:48.392: [INFO] BookmarkModelLoaded, ids_reassigned: 0
2025-05-22 16:03:48.392: [INFO] OnDoneLoading sync enabled: 0
2025-05-22 16:08:15.782: [INFO] VisibilityChanged: 0
2025-05-22 16:08:15.857: [INFO] BookmarkNodeAdded, ABU: 0
2025-05-22 16:08:15.857: [INFO] BookmarkNodeAdded, ABU: 0
2025-05-22 16:08:15.857: [INFO] BookmarkModelLoaded, ids_reassigned: 0
2025-05-22 16:08:15.858: [INFO] OnDoneLoading sync enabled: 0
2025-05-27 03:25:24.520: [INFO] VisibilityChanged: 0
2025-05-27 03:25:24.612: [INFO] BookmarkNodeAdded, ABU: 0
2025-05-27 03:25:24.612: [INFO] BookmarkNodeAdded, ABU: 0
2025-05-27 03:25:24.612: [INFO] BookmarkModelLoaded, ids_reassigned: 0
2025-05-27 03:25:24.612: [INFO] OnDoneLoading sync enabled: 0
2025-05-27 03:28:07.874: [INFO] VisibilityChanged: 0
2025-05-27 03:28:07.965: [INFO] BookmarkNodeAdded, ABU: 0
2025-05-27 03:28:07.965: [INFO] BookmarkNodeAdded, ABU: 0
2025-05-27 03:28:07.965: [INFO] BookmarkModelLoaded, ids_reassigned: 0
2025-05-27 03:28:07.965: [INFO] OnDoneLoading sync enabled: 0
2025-06-10 02:42:41.527: [INFO] VisibilityChanged: 0
2025-06-10 02:42:41.612: [INFO] BookmarkNodeAdded, ABU: 0
2025-06-10 02:42:41.612: [INFO] BookmarkNodeAdded, ABU: 0
2025-06-10 02:42:41.612: [INFO] BookmarkModelLoaded, ids_reassigned: 0
2025-06-10 02:42:41.612: [INFO] OnDoneLoading sync enabled: 0
2025-06-10 02:44:35.207: [INFO] VisibilityChanged: 0
2025-06-10 02:44:35.298: [INFO] BookmarkNodeAdded, ABU: 0
2025-06-10 02:44:35.299: [INFO] BookmarkNodeAdded, ABU: 0
2025-06-10 02:44:35.299: [INFO] BookmarkModelLoaded, ids_reassigned: 0
2025-06-10 02:44:35.299: [INFO] OnDoneLoading sync enabled: 0
2025-06-10 13:09:20.178: [INFO] VisibilityChanged: 0
2025-06-10 13:09:20.264: [INFO] BookmarkNodeAdded, ABU: 0
2025-06-10 13:09:20.264: [INFO] BookmarkNodeAdded, ABU: 0
2025-06-10 13:09:20.264: [INFO] BookmarkModelLoaded, ids_reassigned: 0
2025-06-10 13:09:20.264: [INFO] OnDoneLoading sync enabled: 0
2025-06-11 01:52:09.574: [INFO] VisibilityChanged: 0
2025-06-11 01:52:09.649: [INFO] BookmarkNodeAdded, ABU: 0
2025-06-11 01:52:09.649: [INFO] BookmarkNodeAdded, ABU: 0
2025-06-11 01:52:09.649: [INFO] BookmarkModelLoaded, ids_reassigned: 0
2025-06-11 01:52:09.649: [INFO] OnDoneLoading sync enabled: 0
